

*******************************************************************************
Tue Dec 13 21:48:37 2011


FIT:    data read from "1.data" using 1:2
        format = x:z
        #datapoints = 5
        residuals are weighted equally (unit weight)

function used for fitting: y1(x)
fitted parameters initialized with current variable values



 Iteration 0
 WSSR        : 75618.6           delta(WSSR)/WSSR   : 0
 delta(WSSR) : 0                 limit for stopping : 1e-05
 lambda	  : 1.30748

initial set of free parameter values

k1              = 1
b1              = 1

After 4 iterations the fit converged.
final sum of squares of residuals : 36.565
rel. change during last iteration : -5.51793e-10

degrees of freedom    (FIT_NDF)                        : 3
rms of residuals      (FIT_STDFIT) = sqrt(WSSR/ndf)    : 3.49118
variance of residuals (reduced chisquare) = WSSR/ndf   : 12.1883

Final set of parameters            Asymptotic Standard Error
=======================            ==========================

k1              = 84.8259          +/- 2.176        (2.566%)
b1              = -7.43972         +/- 3.385        (45.5%)


correlation matrix of the fit parameters:

               k1     b1     
k1              1.000 
b1             -0.887  1.000 


*******************************************************************************
Tue Dec 13 21:48:37 2011


FIT:    data read from "1.data" using 1:3
        format = x:z
        #datapoints = 5
        residuals are weighted equally (unit weight)

function used for fitting: y2(x)
fitted parameters initialized with current variable values



 Iteration 0
 WSSR        : 108164            delta(WSSR)/WSSR   : 0
 delta(WSSR) : 0                 limit for stopping : 1e-05
 lambda	  : 1.30748

initial set of free parameter values

k2              = 1
b2              = 1

After 4 iterations the fit converged.
final sum of squares of residuals : 44.6402
rel. change during last iteration : -6.08323e-10

degrees of freedom    (FIT_NDF)                        : 3
rms of residuals      (FIT_STDFIT) = sqrt(WSSR/ndf)    : 3.85747
variance of residuals (reduced chisquare) = WSSR/ndf   : 14.8801

Final set of parameters            Asymptotic Standard Error
=======================            ==========================

k2              = 100.363          +/- 2.405        (2.396%)
b2              = -7.50148         +/- 3.74         (49.86%)


correlation matrix of the fit parameters:

               k2     b2     
k2              1.000 
b2             -0.887  1.000 


*******************************************************************************
Tue Dec 13 21:48:37 2011


FIT:    data read from "1.data" using 1:4
        format = x:z
        #datapoints = 5
        residuals are weighted equally (unit weight)

function used for fitting: y3(x)
fitted parameters initialized with current variable values



 Iteration 0
 WSSR        : 484324            delta(WSSR)/WSSR   : 0
 delta(WSSR) : 0                 limit for stopping : 1e-05
 lambda	  : 1.30748

initial set of free parameter values

k3              = 1
b3              = 1

After 4 iterations the fit converged.
final sum of squares of residuals : 228.551
rel. change during last iteration : -5.51302e-10

degrees of freedom    (FIT_NDF)                        : 3
rms of residuals      (FIT_STDFIT) = sqrt(WSSR/ndf)    : 8.72832
variance of residuals (reduced chisquare) = WSSR/ndf   : 76.1836

Final set of parameters            Asymptotic Standard Error
=======================            ==========================

k3              = 212.353          +/- 5.441        (2.562%)
b3              = -18.9475         +/- 8.463        (44.67%)


correlation matrix of the fit parameters:

               k3     b3     
k3              1.000 
b3             -0.887  1.000 


*******************************************************************************
Tue Dec 13 21:51:04 2011


FIT:    data read from "1.data" using 1:2
        format = x:z
        #datapoints = 5
        residuals are weighted equally (unit weight)

function used for fitting: y1(x)
fitted parameters initialized with current variable values



 Iteration 0
 WSSR        : 75618.6           delta(WSSR)/WSSR   : 0
 delta(WSSR) : 0                 limit for stopping : 1e-05
 lambda	  : 1.30748

initial set of free parameter values

k1              = 1
b1              = 1

After 4 iterations the fit converged.
final sum of squares of residuals : 36.565
rel. change during last iteration : -5.51793e-10

degrees of freedom    (FIT_NDF)                        : 3
rms of residuals      (FIT_STDFIT) = sqrt(WSSR/ndf)    : 3.49118
variance of residuals (reduced chisquare) = WSSR/ndf   : 12.1883

Final set of parameters            Asymptotic Standard Error
=======================            ==========================

k1              = 84.8259          +/- 2.176        (2.566%)
b1              = -7.43972         +/- 3.385        (45.5%)


correlation matrix of the fit parameters:

               k1     b1     
k1              1.000 
b1             -0.887  1.000 


*******************************************************************************
Tue Dec 13 21:51:04 2011


FIT:    data read from "1.data" using 1:3
        format = x:z
        #datapoints = 5
        residuals are weighted equally (unit weight)

function used for fitting: y2(x)
fitted parameters initialized with current variable values



 Iteration 0
 WSSR        : 108164            delta(WSSR)/WSSR   : 0
 delta(WSSR) : 0                 limit for stopping : 1e-05
 lambda	  : 1.30748

initial set of free parameter values

k2              = 1
b2              = 1

After 4 iterations the fit converged.
final sum of squares of residuals : 44.6402
rel. change during last iteration : -6.08323e-10

degrees of freedom    (FIT_NDF)                        : 3
rms of residuals      (FIT_STDFIT) = sqrt(WSSR/ndf)    : 3.85747
variance of residuals (reduced chisquare) = WSSR/ndf   : 14.8801

Final set of parameters            Asymptotic Standard Error
=======================            ==========================

k2              = 100.363          +/- 2.405        (2.396%)
b2              = -7.50148         +/- 3.74         (49.86%)


correlation matrix of the fit parameters:

               k2     b2     
k2              1.000 
b2             -0.887  1.000 


*******************************************************************************
Tue Dec 13 21:51:04 2011


FIT:    data read from "1.data" using 1:4
        format = x:z
        #datapoints = 5
        residuals are weighted equally (unit weight)

function used for fitting: y3(x)
fitted parameters initialized with current variable values



 Iteration 0
 WSSR        : 484324            delta(WSSR)/WSSR   : 0
 delta(WSSR) : 0                 limit for stopping : 1e-05
 lambda	  : 1.30748

initial set of free parameter values

k3              = 1
b3              = 1

After 4 iterations the fit converged.
final sum of squares of residuals : 228.551
rel. change during last iteration : -5.51302e-10

degrees of freedom    (FIT_NDF)                        : 3
rms of residuals      (FIT_STDFIT) = sqrt(WSSR/ndf)    : 8.72832
variance of residuals (reduced chisquare) = WSSR/ndf   : 76.1836

Final set of parameters            Asymptotic Standard Error
=======================            ==========================

k3              = 212.353          +/- 5.441        (2.562%)
b3              = -18.9475         +/- 8.463        (44.67%)


correlation matrix of the fit parameters:

               k3     b3     
k3              1.000 
b3             -0.887  1.000 


*******************************************************************************
Tue Dec 13 21:51:16 2011


FIT:    data read from "1.data" using 1:2
        format = x:z
        #datapoints = 5
        residuals are weighted equally (unit weight)

function used for fitting: y1(x)
fitted parameters initialized with current variable values



 Iteration 0
 WSSR        : 75618.6           delta(WSSR)/WSSR   : 0
 delta(WSSR) : 0                 limit for stopping : 1e-05
 lambda	  : 1.30748

initial set of free parameter values

k1              = 1
b1              = 1

After 4 iterations the fit converged.
final sum of squares of residuals : 36.565
rel. change during last iteration : -5.51793e-10

degrees of freedom    (FIT_NDF)                        : 3
rms of residuals      (FIT_STDFIT) = sqrt(WSSR/ndf)    : 3.49118
variance of residuals (reduced chisquare) = WSSR/ndf   : 12.1883

Final set of parameters            Asymptotic Standard Error
=======================            ==========================

k1              = 84.8259          +/- 2.176        (2.566%)
b1              = -7.43972         +/- 3.385        (45.5%)


correlation matrix of the fit parameters:

               k1     b1     
k1              1.000 
b1             -0.887  1.000 


*******************************************************************************
Tue Dec 13 21:51:16 2011


FIT:    data read from "1.data" using 1:3
        format = x:z
        #datapoints = 5
        residuals are weighted equally (unit weight)

function used for fitting: y2(x)
fitted parameters initialized with current variable values



 Iteration 0
 WSSR        : 108164            delta(WSSR)/WSSR   : 0
 delta(WSSR) : 0                 limit for stopping : 1e-05
 lambda	  : 1.30748

initial set of free parameter values

k2              = 1
b2              = 1

After 4 iterations the fit converged.
final sum of squares of residuals : 44.6402
rel. change during last iteration : -6.08323e-10

degrees of freedom    (FIT_NDF)                        : 3
rms of residuals      (FIT_STDFIT) = sqrt(WSSR/ndf)    : 3.85747
variance of residuals (reduced chisquare) = WSSR/ndf   : 14.8801

Final set of parameters            Asymptotic Standard Error
=======================            ==========================

k2              = 100.363          +/- 2.405        (2.396%)
b2              = -7.50148         +/- 3.74         (49.86%)


correlation matrix of the fit parameters:

               k2     b2     
k2              1.000 
b2             -0.887  1.000 


*******************************************************************************
Tue Dec 13 21:51:16 2011


FIT:    data read from "1.data" using 1:4
        format = x:z
        #datapoints = 5
        residuals are weighted equally (unit weight)

function used for fitting: y3(x)
fitted parameters initialized with current variable values



 Iteration 0
 WSSR        : 484324            delta(WSSR)/WSSR   : 0
 delta(WSSR) : 0                 limit for stopping : 1e-05
 lambda	  : 1.30748

initial set of free parameter values

k3              = 1
b3              = 1

After 4 iterations the fit converged.
final sum of squares of residuals : 228.551
rel. change during last iteration : -5.51302e-10

degrees of freedom    (FIT_NDF)                        : 3
rms of residuals      (FIT_STDFIT) = sqrt(WSSR/ndf)    : 8.72832
variance of residuals (reduced chisquare) = WSSR/ndf   : 76.1836

Final set of parameters            Asymptotic Standard Error
=======================            ==========================

k3              = 212.353          +/- 5.441        (2.562%)
b3              = -18.9475         +/- 8.463        (44.67%)


correlation matrix of the fit parameters:

               k3     b3     
k3              1.000 
b3             -0.887  1.000 


*******************************************************************************
Tue Dec 13 21:51:37 2011


FIT:    data read from "1.data" using 1:2
        format = x:z
        #datapoints = 5
        residuals are weighted equally (unit weight)

function used for fitting: y1(x)
fitted parameters initialized with current variable values



 Iteration 0
 WSSR        : 75618.6           delta(WSSR)/WSSR   : 0
 delta(WSSR) : 0                 limit for stopping : 1e-05
 lambda	  : 1.30748

initial set of free parameter values

k1              = 1
b1              = 1

After 4 iterations the fit converged.
final sum of squares of residuals : 36.565
rel. change during last iteration : -5.51793e-10

degrees of freedom    (FIT_NDF)                        : 3
rms of residuals      (FIT_STDFIT) = sqrt(WSSR/ndf)    : 3.49118
variance of residuals (reduced chisquare) = WSSR/ndf   : 12.1883

Final set of parameters            Asymptotic Standard Error
=======================            ==========================

k1              = 84.8259          +/- 2.176        (2.566%)
b1              = -7.43972         +/- 3.385        (45.5%)


correlation matrix of the fit parameters:

               k1     b1     
k1              1.000 
b1             -0.887  1.000 


*******************************************************************************
Tue Dec 13 21:51:37 2011


FIT:    data read from "1.data" using 1:3
        format = x:z
        #datapoints = 5
        residuals are weighted equally (unit weight)

function used for fitting: y2(x)
fitted parameters initialized with current variable values



 Iteration 0
 WSSR        : 108164            delta(WSSR)/WSSR   : 0
 delta(WSSR) : 0                 limit for stopping : 1e-05
 lambda	  : 1.30748

initial set of free parameter values

k2              = 1
b2              = 1

After 4 iterations the fit converged.
final sum of squares of residuals : 44.6402
rel. change during last iteration : -6.08323e-10

degrees of freedom    (FIT_NDF)                        : 3
rms of residuals      (FIT_STDFIT) = sqrt(WSSR/ndf)    : 3.85747
variance of residuals (reduced chisquare) = WSSR/ndf   : 14.8801

Final set of parameters            Asymptotic Standard Error
=======================            ==========================

k2              = 100.363          +/- 2.405        (2.396%)
b2              = -7.50148         +/- 3.74         (49.86%)


correlation matrix of the fit parameters:

               k2     b2     
k2              1.000 
b2             -0.887  1.000 


*******************************************************************************
Tue Dec 13 21:51:37 2011


FIT:    data read from "1.data" using 1:4
        format = x:z
        #datapoints = 5
        residuals are weighted equally (unit weight)

function used for fitting: y3(x)
fitted parameters initialized with current variable values



 Iteration 0
 WSSR        : 484324            delta(WSSR)/WSSR   : 0
 delta(WSSR) : 0                 limit for stopping : 1e-05
 lambda	  : 1.30748

initial set of free parameter values

k3              = 1
b3              = 1

After 4 iterations the fit converged.
final sum of squares of residuals : 228.551
rel. change during last iteration : -5.51302e-10

degrees of freedom    (FIT_NDF)                        : 3
rms of residuals      (FIT_STDFIT) = sqrt(WSSR/ndf)    : 8.72832
variance of residuals (reduced chisquare) = WSSR/ndf   : 76.1836

Final set of parameters            Asymptotic Standard Error
=======================            ==========================

k3              = 212.353          +/- 5.441        (2.562%)
b3              = -18.9475         +/- 8.463        (44.67%)


correlation matrix of the fit parameters:

               k3     b3     
k3              1.000 
b3             -0.887  1.000 


*******************************************************************************
Tue Dec 13 21:52:19 2011


FIT:    data read from "1.data" using 1:2
        format = x:z
        #datapoints = 5
        residuals are weighted equally (unit weight)

function used for fitting: y1(x)
fitted parameters initialized with current variable values



 Iteration 0
 WSSR        : 75618.6           delta(WSSR)/WSSR   : 0
 delta(WSSR) : 0                 limit for stopping : 1e-05
 lambda	  : 1.30748

initial set of free parameter values

k1              = 1
b1              = 1

After 4 iterations the fit converged.
final sum of squares of residuals : 36.565
rel. change during last iteration : -5.51793e-10

degrees of freedom    (FIT_NDF)                        : 3
rms of residuals      (FIT_STDFIT) = sqrt(WSSR/ndf)    : 3.49118
variance of residuals (reduced chisquare) = WSSR/ndf   : 12.1883

Final set of parameters            Asymptotic Standard Error
=======================            ==========================

k1              = 84.8259          +/- 2.176        (2.566%)
b1              = -7.43972         +/- 3.385        (45.5%)


correlation matrix of the fit parameters:

               k1     b1     
k1              1.000 
b1             -0.887  1.000 


*******************************************************************************
Tue Dec 13 21:52:19 2011


FIT:    data read from "1.data" using 1:3
        format = x:z
        #datapoints = 5
        residuals are weighted equally (unit weight)

function used for fitting: y2(x)
fitted parameters initialized with current variable values



 Iteration 0
 WSSR        : 108164            delta(WSSR)/WSSR   : 0
 delta(WSSR) : 0                 limit for stopping : 1e-05
 lambda	  : 1.30748

initial set of free parameter values

k2              = 1
b2              = 1

After 4 iterations the fit converged.
final sum of squares of residuals : 44.6402
rel. change during last iteration : -6.08323e-10

degrees of freedom    (FIT_NDF)                        : 3
rms of residuals      (FIT_STDFIT) = sqrt(WSSR/ndf)    : 3.85747
variance of residuals (reduced chisquare) = WSSR/ndf   : 14.8801

Final set of parameters            Asymptotic Standard Error
=======================            ==========================

k2              = 100.363          +/- 2.405        (2.396%)
b2              = -7.50148         +/- 3.74         (49.86%)


correlation matrix of the fit parameters:

               k2     b2     
k2              1.000 
b2             -0.887  1.000 


*******************************************************************************
Tue Dec 13 21:52:19 2011


FIT:    data read from "1.data" using 1:4
        format = x:z
        #datapoints = 5
        residuals are weighted equally (unit weight)

function used for fitting: y3(x)
fitted parameters initialized with current variable values



 Iteration 0
 WSSR        : 484324            delta(WSSR)/WSSR   : 0
 delta(WSSR) : 0                 limit for stopping : 1e-05
 lambda	  : 1.30748

initial set of free parameter values

k3              = 1
b3              = 1

After 4 iterations the fit converged.
final sum of squares of residuals : 228.551
rel. change during last iteration : -5.51302e-10

degrees of freedom    (FIT_NDF)                        : 3
rms of residuals      (FIT_STDFIT) = sqrt(WSSR/ndf)    : 8.72832
variance of residuals (reduced chisquare) = WSSR/ndf   : 76.1836

Final set of parameters            Asymptotic Standard Error
=======================            ==========================

k3              = 212.353          +/- 5.441        (2.562%)
b3              = -18.9475         +/- 8.463        (44.67%)


correlation matrix of the fit parameters:

               k3     b3     
k3              1.000 
b3             -0.887  1.000 


*******************************************************************************
Tue Dec 13 21:52:28 2011


FIT:    data read from "1.data" using 1:2
        format = x:z
        #datapoints = 5
        residuals are weighted equally (unit weight)

function used for fitting: y1(x)
fitted parameters initialized with current variable values



 Iteration 0
 WSSR        : 75618.6           delta(WSSR)/WSSR   : 0
 delta(WSSR) : 0                 limit for stopping : 1e-05
 lambda	  : 1.30748

initial set of free parameter values

k1              = 1
b1              = 1

After 4 iterations the fit converged.
final sum of squares of residuals : 36.565
rel. change during last iteration : -5.51793e-10

degrees of freedom    (FIT_NDF)                        : 3
rms of residuals      (FIT_STDFIT) = sqrt(WSSR/ndf)    : 3.49118
variance of residuals (reduced chisquare) = WSSR/ndf   : 12.1883

Final set of parameters            Asymptotic Standard Error
=======================            ==========================

k1              = 84.8259          +/- 2.176        (2.566%)
b1              = -7.43972         +/- 3.385        (45.5%)


correlation matrix of the fit parameters:

               k1     b1     
k1              1.000 
b1             -0.887  1.000 


*******************************************************************************
Tue Dec 13 21:52:28 2011


FIT:    data read from "1.data" using 1:3
        format = x:z
        #datapoints = 5
        residuals are weighted equally (unit weight)

function used for fitting: y2(x)
fitted parameters initialized with current variable values



 Iteration 0
 WSSR        : 108164            delta(WSSR)/WSSR   : 0
 delta(WSSR) : 0                 limit for stopping : 1e-05
 lambda	  : 1.30748

initial set of free parameter values

k2              = 1
b2              = 1

After 4 iterations the fit converged.
final sum of squares of residuals : 44.6402
rel. change during last iteration : -6.08323e-10

degrees of freedom    (FIT_NDF)                        : 3
rms of residuals      (FIT_STDFIT) = sqrt(WSSR/ndf)    : 3.85747
variance of residuals (reduced chisquare) = WSSR/ndf   : 14.8801

Final set of parameters            Asymptotic Standard Error
=======================            ==========================

k2              = 100.363          +/- 2.405        (2.396%)
b2              = -7.50148         +/- 3.74         (49.86%)


correlation matrix of the fit parameters:

               k2     b2     
k2              1.000 
b2             -0.887  1.000 


*******************************************************************************
Tue Dec 13 21:52:28 2011


FIT:    data read from "1.data" using 1:4
        format = x:z
        #datapoints = 5
        residuals are weighted equally (unit weight)

function used for fitting: y3(x)
fitted parameters initialized with current variable values



 Iteration 0
 WSSR        : 484324            delta(WSSR)/WSSR   : 0
 delta(WSSR) : 0                 limit for stopping : 1e-05
 lambda	  : 1.30748

initial set of free parameter values

k3              = 1
b3              = 1

After 4 iterations the fit converged.
final sum of squares of residuals : 228.551
rel. change during last iteration : -5.51302e-10

degrees of freedom    (FIT_NDF)                        : 3
rms of residuals      (FIT_STDFIT) = sqrt(WSSR/ndf)    : 8.72832
variance of residuals (reduced chisquare) = WSSR/ndf   : 76.1836

Final set of parameters            Asymptotic Standard Error
=======================            ==========================

k3              = 212.353          +/- 5.441        (2.562%)
b3              = -18.9475         +/- 8.463        (44.67%)


correlation matrix of the fit parameters:

               k3     b3     
k3              1.000 
b3             -0.887  1.000 


*******************************************************************************
Tue Dec 13 21:52:36 2011


FIT:    data read from "1.data" using 1:2
        format = x:z
        #datapoints = 5
        residuals are weighted equally (unit weight)

function used for fitting: y1(x)
fitted parameters initialized with current variable values



 Iteration 0
 WSSR        : 75618.6           delta(WSSR)/WSSR   : 0
 delta(WSSR) : 0                 limit for stopping : 1e-05
 lambda	  : 1.30748

initial set of free parameter values

k1              = 1
b1              = 1

After 4 iterations the fit converged.
final sum of squares of residuals : 36.565
rel. change during last iteration : -5.51793e-10

degrees of freedom    (FIT_NDF)                        : 3
rms of residuals      (FIT_STDFIT) = sqrt(WSSR/ndf)    : 3.49118
variance of residuals (reduced chisquare) = WSSR/ndf   : 12.1883

Final set of parameters            Asymptotic Standard Error
=======================            ==========================

k1              = 84.8259          +/- 2.176        (2.566%)
b1              = -7.43972         +/- 3.385        (45.5%)


correlation matrix of the fit parameters:

               k1     b1     
k1              1.000 
b1             -0.887  1.000 


*******************************************************************************
Tue Dec 13 21:52:36 2011


FIT:    data read from "1.data" using 1:3
        format = x:z
        #datapoints = 5
        residuals are weighted equally (unit weight)

function used for fitting: y2(x)
fitted parameters initialized with current variable values



 Iteration 0
 WSSR        : 108164            delta(WSSR)/WSSR   : 0
 delta(WSSR) : 0                 limit for stopping : 1e-05
 lambda	  : 1.30748

initial set of free parameter values

k2              = 1
b2              = 1

After 4 iterations the fit converged.
final sum of squares of residuals : 44.6402
rel. change during last iteration : -6.08323e-10

degrees of freedom    (FIT_NDF)                        : 3
rms of residuals      (FIT_STDFIT) = sqrt(WSSR/ndf)    : 3.85747
variance of residuals (reduced chisquare) = WSSR/ndf   : 14.8801

Final set of parameters            Asymptotic Standard Error
=======================            ==========================

k2              = 100.363          +/- 2.405        (2.396%)
b2              = -7.50148         +/- 3.74         (49.86%)


correlation matrix of the fit parameters:

               k2     b2     
k2              1.000 
b2             -0.887  1.000 


*******************************************************************************
Tue Dec 13 21:52:36 2011


FIT:    data read from "1.data" using 1:4
        format = x:z
        #datapoints = 5
        residuals are weighted equally (unit weight)

function used for fitting: y3(x)
fitted parameters initialized with current variable values



 Iteration 0
 WSSR        : 484324            delta(WSSR)/WSSR   : 0
 delta(WSSR) : 0                 limit for stopping : 1e-05
 lambda	  : 1.30748

initial set of free parameter values

k3              = 1
b3              = 1

After 4 iterations the fit converged.
final sum of squares of residuals : 228.551
rel. change during last iteration : -5.51302e-10

degrees of freedom    (FIT_NDF)                        : 3
rms of residuals      (FIT_STDFIT) = sqrt(WSSR/ndf)    : 8.72832
variance of residuals (reduced chisquare) = WSSR/ndf   : 76.1836

Final set of parameters            Asymptotic Standard Error
=======================            ==========================

k3              = 212.353          +/- 5.441        (2.562%)
b3              = -18.9475         +/- 8.463        (44.67%)


correlation matrix of the fit parameters:

               k3     b3     
k3              1.000 
b3             -0.887  1.000 


*******************************************************************************
Tue Dec 13 21:52:41 2011


FIT:    data read from "1.data" using 1:2
        format = x:z
        #datapoints = 5
        residuals are weighted equally (unit weight)

function used for fitting: y1(x)
fitted parameters initialized with current variable values



 Iteration 0
 WSSR        : 75618.6           delta(WSSR)/WSSR   : 0
 delta(WSSR) : 0                 limit for stopping : 1e-05
 lambda	  : 1.30748

initial set of free parameter values

k1              = 1
b1              = 1

After 4 iterations the fit converged.
final sum of squares of residuals : 36.565
rel. change during last iteration : -5.51793e-10

degrees of freedom    (FIT_NDF)                        : 3
rms of residuals      (FIT_STDFIT) = sqrt(WSSR/ndf)    : 3.49118
variance of residuals (reduced chisquare) = WSSR/ndf   : 12.1883

Final set of parameters            Asymptotic Standard Error
=======================            ==========================

k1              = 84.8259          +/- 2.176        (2.566%)
b1              = -7.43972         +/- 3.385        (45.5%)


correlation matrix of the fit parameters:

               k1     b1     
k1              1.000 
b1             -0.887  1.000 


*******************************************************************************
Tue Dec 13 21:52:41 2011


FIT:    data read from "1.data" using 1:3
        format = x:z
        #datapoints = 5
        residuals are weighted equally (unit weight)

function used for fitting: y2(x)
fitted parameters initialized with current variable values



 Iteration 0
 WSSR        : 108164            delta(WSSR)/WSSR   : 0
 delta(WSSR) : 0                 limit for stopping : 1e-05
 lambda	  : 1.30748

initial set of free parameter values

k2              = 1
b2              = 1

After 4 iterations the fit converged.
final sum of squares of residuals : 44.6402
rel. change during last iteration : -6.08323e-10

degrees of freedom    (FIT_NDF)                        : 3
rms of residuals      (FIT_STDFIT) = sqrt(WSSR/ndf)    : 3.85747
variance of residuals (reduced chisquare) = WSSR/ndf   : 14.8801

Final set of parameters            Asymptotic Standard Error
=======================            ==========================

k2              = 100.363          +/- 2.405        (2.396%)
b2              = -7.50148         +/- 3.74         (49.86%)


correlation matrix of the fit parameters:

               k2     b2     
k2              1.000 
b2             -0.887  1.000 


*******************************************************************************
Tue Dec 13 21:52:41 2011


FIT:    data read from "1.data" using 1:4
        format = x:z
        #datapoints = 5
        residuals are weighted equally (unit weight)

function used for fitting: y3(x)
fitted parameters initialized with current variable values



 Iteration 0
 WSSR        : 484324            delta(WSSR)/WSSR   : 0
 delta(WSSR) : 0                 limit for stopping : 1e-05
 lambda	  : 1.30748

initial set of free parameter values

k3              = 1
b3              = 1

After 4 iterations the fit converged.
final sum of squares of residuals : 228.551
rel. change during last iteration : -5.51302e-10

degrees of freedom    (FIT_NDF)                        : 3
rms of residuals      (FIT_STDFIT) = sqrt(WSSR/ndf)    : 8.72832
variance of residuals (reduced chisquare) = WSSR/ndf   : 76.1836

Final set of parameters            Asymptotic Standard Error
=======================            ==========================

k3              = 212.353          +/- 5.441        (2.562%)
b3              = -18.9475         +/- 8.463        (44.67%)


correlation matrix of the fit parameters:

               k3     b3     
k3              1.000 
b3             -0.887  1.000 


*******************************************************************************
Tue Dec 13 21:52:46 2011


FIT:    data read from "1.data" using 1:2
        format = x:z
        #datapoints = 5
        residuals are weighted equally (unit weight)

function used for fitting: y1(x)
fitted parameters initialized with current variable values



 Iteration 0
 WSSR        : 75618.6           delta(WSSR)/WSSR   : 0
 delta(WSSR) : 0                 limit for stopping : 1e-05
 lambda	  : 1.30748

initial set of free parameter values

k1              = 1
b1              = 1

After 4 iterations the fit converged.
final sum of squares of residuals : 36.565
rel. change during last iteration : -5.51793e-10

degrees of freedom    (FIT_NDF)                        : 3
rms of residuals      (FIT_STDFIT) = sqrt(WSSR/ndf)    : 3.49118
variance of residuals (reduced chisquare) = WSSR/ndf   : 12.1883

Final set of parameters            Asymptotic Standard Error
=======================            ==========================

k1              = 84.8259          +/- 2.176        (2.566%)
b1              = -7.43972         +/- 3.385        (45.5%)


correlation matrix of the fit parameters:

               k1     b1     
k1              1.000 
b1             -0.887  1.000 


*******************************************************************************
Tue Dec 13 21:52:46 2011


FIT:    data read from "1.data" using 1:3
        format = x:z
        #datapoints = 5
        residuals are weighted equally (unit weight)

function used for fitting: y2(x)
fitted parameters initialized with current variable values



 Iteration 0
 WSSR        : 108164            delta(WSSR)/WSSR   : 0
 delta(WSSR) : 0                 limit for stopping : 1e-05
 lambda	  : 1.30748

initial set of free parameter values

k2              = 1
b2              = 1

After 4 iterations the fit converged.
final sum of squares of residuals : 44.6402
rel. change during last iteration : -6.08323e-10

degrees of freedom    (FIT_NDF)                        : 3
rms of residuals      (FIT_STDFIT) = sqrt(WSSR/ndf)    : 3.85747
variance of residuals (reduced chisquare) = WSSR/ndf   : 14.8801

Final set of parameters            Asymptotic Standard Error
=======================            ==========================

k2              = 100.363          +/- 2.405        (2.396%)
b2              = -7.50148         +/- 3.74         (49.86%)


correlation matrix of the fit parameters:

               k2     b2     
k2              1.000 
b2             -0.887  1.000 


*******************************************************************************
Tue Dec 13 21:52:46 2011


FIT:    data read from "1.data" using 1:4
        format = x:z
        #datapoints = 5
        residuals are weighted equally (unit weight)

function used for fitting: y3(x)
fitted parameters initialized with current variable values



 Iteration 0
 WSSR        : 484324            delta(WSSR)/WSSR   : 0
 delta(WSSR) : 0                 limit for stopping : 1e-05
 lambda	  : 1.30748

initial set of free parameter values

k3              = 1
b3              = 1

After 4 iterations the fit converged.
final sum of squares of residuals : 228.551
rel. change during last iteration : -5.51302e-10

degrees of freedom    (FIT_NDF)                        : 3
rms of residuals      (FIT_STDFIT) = sqrt(WSSR/ndf)    : 8.72832
variance of residuals (reduced chisquare) = WSSR/ndf   : 76.1836

Final set of parameters            Asymptotic Standard Error
=======================            ==========================

k3              = 212.353          +/- 5.441        (2.562%)
b3              = -18.9475         +/- 8.463        (44.67%)


correlation matrix of the fit parameters:

               k3     b3     
k3              1.000 
b3             -0.887  1.000 


*******************************************************************************
Tue Dec 13 21:52:52 2011


FIT:    data read from "1.data" using 1:2
        format = x:z
        #datapoints = 5
        residuals are weighted equally (unit weight)

function used for fitting: y1(x)
fitted parameters initialized with current variable values



 Iteration 0
 WSSR        : 75618.6           delta(WSSR)/WSSR   : 0
 delta(WSSR) : 0                 limit for stopping : 1e-05
 lambda	  : 1.30748

initial set of free parameter values

k1              = 1
b1              = 1

After 4 iterations the fit converged.
final sum of squares of residuals : 36.565
rel. change during last iteration : -5.51793e-10

degrees of freedom    (FIT_NDF)                        : 3
rms of residuals      (FIT_STDFIT) = sqrt(WSSR/ndf)    : 3.49118
variance of residuals (reduced chisquare) = WSSR/ndf   : 12.1883

Final set of parameters            Asymptotic Standard Error
=======================            ==========================

k1              = 84.8259          +/- 2.176        (2.566%)
b1              = -7.43972         +/- 3.385        (45.5%)


correlation matrix of the fit parameters:

               k1     b1     
k1              1.000 
b1             -0.887  1.000 


*******************************************************************************
Tue Dec 13 21:52:52 2011


FIT:    data read from "1.data" using 1:3
        format = x:z
        #datapoints = 5
        residuals are weighted equally (unit weight)

function used for fitting: y2(x)
fitted parameters initialized with current variable values



 Iteration 0
 WSSR        : 108164            delta(WSSR)/WSSR   : 0
 delta(WSSR) : 0                 limit for stopping : 1e-05
 lambda	  : 1.30748

initial set of free parameter values

k2              = 1
b2              = 1

After 4 iterations the fit converged.
final sum of squares of residuals : 44.6402
rel. change during last iteration : -6.08323e-10

degrees of freedom    (FIT_NDF)                        : 3
rms of residuals      (FIT_STDFIT) = sqrt(WSSR/ndf)    : 3.85747
variance of residuals (reduced chisquare) = WSSR/ndf   : 14.8801

Final set of parameters            Asymptotic Standard Error
=======================            ==========================

k2              = 100.363          +/- 2.405        (2.396%)
b2              = -7.50148         +/- 3.74         (49.86%)


correlation matrix of the fit parameters:

               k2     b2     
k2              1.000 
b2             -0.887  1.000 


*******************************************************************************
Tue Dec 13 21:52:52 2011


FIT:    data read from "1.data" using 1:4
        format = x:z
        #datapoints = 5
        residuals are weighted equally (unit weight)

function used for fitting: y3(x)
fitted parameters initialized with current variable values



 Iteration 0
 WSSR        : 484324            delta(WSSR)/WSSR   : 0
 delta(WSSR) : 0                 limit for stopping : 1e-05
 lambda	  : 1.30748

initial set of free parameter values

k3              = 1
b3              = 1

After 4 iterations the fit converged.
final sum of squares of residuals : 228.551
rel. change during last iteration : -5.51302e-10

degrees of freedom    (FIT_NDF)                        : 3
rms of residuals      (FIT_STDFIT) = sqrt(WSSR/ndf)    : 8.72832
variance of residuals (reduced chisquare) = WSSR/ndf   : 76.1836

Final set of parameters            Asymptotic Standard Error
=======================            ==========================

k3              = 212.353          +/- 5.441        (2.562%)
b3              = -18.9475         +/- 8.463        (44.67%)


correlation matrix of the fit parameters:

               k3     b3     
k3              1.000 
b3             -0.887  1.000 


*******************************************************************************
Tue Dec 13 21:53:00 2011


FIT:    data read from "1.data" using 1:2
        format = x:z
        #datapoints = 5
        residuals are weighted equally (unit weight)

function used for fitting: y1(x)
fitted parameters initialized with current variable values



 Iteration 0
 WSSR        : 75618.6           delta(WSSR)/WSSR   : 0
 delta(WSSR) : 0                 limit for stopping : 1e-05
 lambda	  : 1.30748

initial set of free parameter values

k1              = 1
b1              = 1

After 4 iterations the fit converged.
final sum of squares of residuals : 36.565
rel. change during last iteration : -5.51793e-10

degrees of freedom    (FIT_NDF)                        : 3
rms of residuals      (FIT_STDFIT) = sqrt(WSSR/ndf)    : 3.49118
variance of residuals (reduced chisquare) = WSSR/ndf   : 12.1883

Final set of parameters            Asymptotic Standard Error
=======================            ==========================

k1              = 84.8259          +/- 2.176        (2.566%)
b1              = -7.43972         +/- 3.385        (45.5%)


correlation matrix of the fit parameters:

               k1     b1     
k1              1.000 
b1             -0.887  1.000 


*******************************************************************************
Tue Dec 13 21:53:00 2011


FIT:    data read from "1.data" using 1:3
        format = x:z
        #datapoints = 5
        residuals are weighted equally (unit weight)

function used for fitting: y2(x)
fitted parameters initialized with current variable values



 Iteration 0
 WSSR        : 108164            delta(WSSR)/WSSR   : 0
 delta(WSSR) : 0                 limit for stopping : 1e-05
 lambda	  : 1.30748

initial set of free parameter values

k2              = 1
b2              = 1

After 4 iterations the fit converged.
final sum of squares of residuals : 44.6402
rel. change during last iteration : -6.08323e-10

degrees of freedom    (FIT_NDF)                        : 3
rms of residuals      (FIT_STDFIT) = sqrt(WSSR/ndf)    : 3.85747
variance of residuals (reduced chisquare) = WSSR/ndf   : 14.8801

Final set of parameters            Asymptotic Standard Error
=======================            ==========================

k2              = 100.363          +/- 2.405        (2.396%)
b2              = -7.50148         +/- 3.74         (49.86%)


correlation matrix of the fit parameters:

               k2     b2     
k2              1.000 
b2             -0.887  1.000 


*******************************************************************************
Tue Dec 13 21:53:00 2011


FIT:    data read from "1.data" using 1:4
        format = x:z
        #datapoints = 5
        residuals are weighted equally (unit weight)

function used for fitting: y3(x)
fitted parameters initialized with current variable values



 Iteration 0
 WSSR        : 484324            delta(WSSR)/WSSR   : 0
 delta(WSSR) : 0                 limit for stopping : 1e-05
 lambda	  : 1.30748

initial set of free parameter values

k3              = 1
b3              = 1

After 4 iterations the fit converged.
final sum of squares of residuals : 228.551
rel. change during last iteration : -5.51302e-10

degrees of freedom    (FIT_NDF)                        : 3
rms of residuals      (FIT_STDFIT) = sqrt(WSSR/ndf)    : 8.72832
variance of residuals (reduced chisquare) = WSSR/ndf   : 76.1836

Final set of parameters            Asymptotic Standard Error
=======================            ==========================

k3              = 212.353          +/- 5.441        (2.562%)
b3              = -18.9475         +/- 8.463        (44.67%)


correlation matrix of the fit parameters:

               k3     b3     
k3              1.000 
b3             -0.887  1.000 


*******************************************************************************
Tue Dec 13 21:53:32 2011


FIT:    data read from "1.data" using 1:2
        format = x:z
        #datapoints = 5
        residuals are weighted equally (unit weight)

function used for fitting: y1(x)
fitted parameters initialized with current variable values



 Iteration 0
 WSSR        : 75618.6           delta(WSSR)/WSSR   : 0
 delta(WSSR) : 0                 limit for stopping : 1e-05
 lambda	  : 1.30748

initial set of free parameter values

k1              = 1
b1              = 1

After 4 iterations the fit converged.
final sum of squares of residuals : 36.565
rel. change during last iteration : -5.51793e-10

degrees of freedom    (FIT_NDF)                        : 3
rms of residuals      (FIT_STDFIT) = sqrt(WSSR/ndf)    : 3.49118
variance of residuals (reduced chisquare) = WSSR/ndf   : 12.1883

Final set of parameters            Asymptotic Standard Error
=======================            ==========================

k1              = 84.8259          +/- 2.176        (2.566%)
b1              = -7.43972         +/- 3.385        (45.5%)


correlation matrix of the fit parameters:

               k1     b1     
k1              1.000 
b1             -0.887  1.000 


*******************************************************************************
Tue Dec 13 21:53:32 2011


FIT:    data read from "1.data" using 1:3
        format = x:z
        #datapoints = 5
        residuals are weighted equally (unit weight)

function used for fitting: y2(x)
fitted parameters initialized with current variable values



 Iteration 0
 WSSR        : 108164            delta(WSSR)/WSSR   : 0
 delta(WSSR) : 0                 limit for stopping : 1e-05
 lambda	  : 1.30748

initial set of free parameter values

k2              = 1
b2              = 1

After 4 iterations the fit converged.
final sum of squares of residuals : 44.6402
rel. change during last iteration : -6.08323e-10

degrees of freedom    (FIT_NDF)                        : 3
rms of residuals      (FIT_STDFIT) = sqrt(WSSR/ndf)    : 3.85747
variance of residuals (reduced chisquare) = WSSR/ndf   : 14.8801

Final set of parameters            Asymptotic Standard Error
=======================            ==========================

k2              = 100.363          +/- 2.405        (2.396%)
b2              = -7.50148         +/- 3.74         (49.86%)


correlation matrix of the fit parameters:

               k2     b2     
k2              1.000 
b2             -0.887  1.000 


*******************************************************************************
Tue Dec 13 21:53:32 2011


FIT:    data read from "1.data" using 1:4
        format = x:z
        #datapoints = 5
        residuals are weighted equally (unit weight)

function used for fitting: y3(x)
fitted parameters initialized with current variable values



 Iteration 0
 WSSR        : 484324            delta(WSSR)/WSSR   : 0
 delta(WSSR) : 0                 limit for stopping : 1e-05
 lambda	  : 1.30748

initial set of free parameter values

k3              = 1
b3              = 1

After 4 iterations the fit converged.
final sum of squares of residuals : 228.551
rel. change during last iteration : -5.51302e-10

degrees of freedom    (FIT_NDF)                        : 3
rms of residuals      (FIT_STDFIT) = sqrt(WSSR/ndf)    : 8.72832
variance of residuals (reduced chisquare) = WSSR/ndf   : 76.1836

Final set of parameters            Asymptotic Standard Error
=======================            ==========================

k3              = 212.353          +/- 5.441        (2.562%)
b3              = -18.9475         +/- 8.463        (44.67%)


correlation matrix of the fit parameters:

               k3     b3     
k3              1.000 
b3             -0.887  1.000 


*******************************************************************************
Tue Dec 13 21:53:50 2011


FIT:    data read from "1.data" using 1:2
        format = x:z
        #datapoints = 5
        residuals are weighted equally (unit weight)

function used for fitting: y1(x)
fitted parameters initialized with current variable values



 Iteration 0
 WSSR        : 75618.6           delta(WSSR)/WSSR   : 0
 delta(WSSR) : 0                 limit for stopping : 1e-05
 lambda	  : 1.30748

initial set of free parameter values

k1              = 1
b1              = 1

After 4 iterations the fit converged.
final sum of squares of residuals : 36.565
rel. change during last iteration : -5.51793e-10

degrees of freedom    (FIT_NDF)                        : 3
rms of residuals      (FIT_STDFIT) = sqrt(WSSR/ndf)    : 3.49118
variance of residuals (reduced chisquare) = WSSR/ndf   : 12.1883

Final set of parameters            Asymptotic Standard Error
=======================            ==========================

k1              = 84.8259          +/- 2.176        (2.566%)
b1              = -7.43972         +/- 3.385        (45.5%)


correlation matrix of the fit parameters:

               k1     b1     
k1              1.000 
b1             -0.887  1.000 


*******************************************************************************
Tue Dec 13 21:53:50 2011


FIT:    data read from "1.data" using 1:3
        format = x:z
        #datapoints = 5
        residuals are weighted equally (unit weight)

function used for fitting: y2(x)
fitted parameters initialized with current variable values



 Iteration 0
 WSSR        : 108164            delta(WSSR)/WSSR   : 0
 delta(WSSR) : 0                 limit for stopping : 1e-05
 lambda	  : 1.30748

initial set of free parameter values

k2              = 1
b2              = 1

After 4 iterations the fit converged.
final sum of squares of residuals : 44.6402
rel. change during last iteration : -6.08323e-10

degrees of freedom    (FIT_NDF)                        : 3
rms of residuals      (FIT_STDFIT) = sqrt(WSSR/ndf)    : 3.85747
variance of residuals (reduced chisquare) = WSSR/ndf   : 14.8801

Final set of parameters            Asymptotic Standard Error
=======================            ==========================

k2              = 100.363          +/- 2.405        (2.396%)
b2              = -7.50148         +/- 3.74         (49.86%)


correlation matrix of the fit parameters:

               k2     b2     
k2              1.000 
b2             -0.887  1.000 


*******************************************************************************
Tue Dec 13 21:53:50 2011


FIT:    data read from "1.data" using 1:4
        format = x:z
        #datapoints = 5
        residuals are weighted equally (unit weight)

function used for fitting: y3(x)
fitted parameters initialized with current variable values



 Iteration 0
 WSSR        : 484324            delta(WSSR)/WSSR   : 0
 delta(WSSR) : 0                 limit for stopping : 1e-05
 lambda	  : 1.30748

initial set of free parameter values

k3              = 1
b3              = 1

After 4 iterations the fit converged.
final sum of squares of residuals : 228.551
rel. change during last iteration : -5.51302e-10

degrees of freedom    (FIT_NDF)                        : 3
rms of residuals      (FIT_STDFIT) = sqrt(WSSR/ndf)    : 8.72832
variance of residuals (reduced chisquare) = WSSR/ndf   : 76.1836

Final set of parameters            Asymptotic Standard Error
=======================            ==========================

k3              = 212.353          +/- 5.441        (2.562%)
b3              = -18.9475         +/- 8.463        (44.67%)


correlation matrix of the fit parameters:

               k3     b3     
k3              1.000 
b3             -0.887  1.000 


*******************************************************************************
Tue Dec 13 21:53:58 2011


FIT:    data read from "1.data" using 1:2
        format = x:z
        #datapoints = 5
        residuals are weighted equally (unit weight)

function used for fitting: y1(x)
fitted parameters initialized with current variable values



 Iteration 0
 WSSR        : 75618.6           delta(WSSR)/WSSR   : 0
 delta(WSSR) : 0                 limit for stopping : 1e-05
 lambda	  : 1.30748

initial set of free parameter values

k1              = 1
b1              = 1

After 4 iterations the fit converged.
final sum of squares of residuals : 36.565
rel. change during last iteration : -5.51793e-10

degrees of freedom    (FIT_NDF)                        : 3
rms of residuals      (FIT_STDFIT) = sqrt(WSSR/ndf)    : 3.49118
variance of residuals (reduced chisquare) = WSSR/ndf   : 12.1883

Final set of parameters            Asymptotic Standard Error
=======================            ==========================

k1              = 84.8259          +/- 2.176        (2.566%)
b1              = -7.43972         +/- 3.385        (45.5%)


correlation matrix of the fit parameters:

               k1     b1     
k1              1.000 
b1             -0.887  1.000 


*******************************************************************************
Tue Dec 13 21:53:58 2011


FIT:    data read from "1.data" using 1:3
        format = x:z
        #datapoints = 5
        residuals are weighted equally (unit weight)

function used for fitting: y2(x)
fitted parameters initialized with current variable values



 Iteration 0
 WSSR        : 108164            delta(WSSR)/WSSR   : 0
 delta(WSSR) : 0                 limit for stopping : 1e-05
 lambda	  : 1.30748

initial set of free parameter values

k2              = 1
b2              = 1

After 4 iterations the fit converged.
final sum of squares of residuals : 44.6402
rel. change during last iteration : -6.08323e-10

degrees of freedom    (FIT_NDF)                        : 3
rms of residuals      (FIT_STDFIT) = sqrt(WSSR/ndf)    : 3.85747
variance of residuals (reduced chisquare) = WSSR/ndf   : 14.8801

Final set of parameters            Asymptotic Standard Error
=======================            ==========================

k2              = 100.363          +/- 2.405        (2.396%)
b2              = -7.50148         +/- 3.74         (49.86%)


correlation matrix of the fit parameters:

               k2     b2     
k2              1.000 
b2             -0.887  1.000 


*******************************************************************************
Tue Dec 13 21:53:58 2011


FIT:    data read from "1.data" using 1:4
        format = x:z
        #datapoints = 5
        residuals are weighted equally (unit weight)

function used for fitting: y3(x)
fitted parameters initialized with current variable values



 Iteration 0
 WSSR        : 484324            delta(WSSR)/WSSR   : 0
 delta(WSSR) : 0                 limit for stopping : 1e-05
 lambda	  : 1.30748

initial set of free parameter values

k3              = 1
b3              = 1

After 4 iterations the fit converged.
final sum of squares of residuals : 228.551
rel. change during last iteration : -5.51302e-10

degrees of freedom    (FIT_NDF)                        : 3
rms of residuals      (FIT_STDFIT) = sqrt(WSSR/ndf)    : 8.72832
variance of residuals (reduced chisquare) = WSSR/ndf   : 76.1836

Final set of parameters            Asymptotic Standard Error
=======================            ==========================

k3              = 212.353          +/- 5.441        (2.562%)
b3              = -18.9475         +/- 8.463        (44.67%)


correlation matrix of the fit parameters:

               k3     b3     
k3              1.000 
b3             -0.887  1.000 
